
2017-01-11 16:52:38 INFO  Main:41 - start
2017-01-11 16:52:38 INFO  Main:70 - URL -> https://www.linkedin.com/company/0001001
2017-01-11 16:52:39 INFO  Main:106 - Response Code : 999
2017-01-11 16:52:39 INFO  Main:113 - Count of request = 0
2017-01-11 16:52:39 INFO  Main:70 - URL -> https://www.linkedin.com/company/0001001
2017-01-11 16:52:40 INFO  Main:106 - Response Code : 200
2017-01-11 16:52:41 INFO  Main:70 - URL -> https://www.linkedin.com/company/0001002
2017-01-11 16:52:42 INFO  Main:106 - Response Code : 999
2017-01-11 16:52:42 INFO  Main:113 - Count of request = 0
2017-01-11 16:52:42 INFO  Main:70 - URL -> https://www.linkedin.com/company/0001002
2017-01-11 16:52:43 INFO  Main:106 - Response Code : 999
2017-01-11 16:52:43 INFO  Main:113 - Count of request = 1
2017-01-11 16:52:43 INFO  Main:70 - URL -> https://www.linkedin.com/company/0001002
2017-01-11 16:52:43 INFO  Main:106 - Response Code : 999
2017-01-11 16:52:43 INFO  Main:113 - Count of request = 2
2017-01-11 16:52:43 INFO  Main:70 - URL -> https://www.linkedin.com/company/0001002
2017-01-11 16:52:44 INFO  Main:106 - Response Code : 999
2017-01-11 16:52:44 INFO  Main:113 - Count of request = 3
2017-01-11 16:52:44 INFO  Main:70 - URL -> https://www.linkedin.com/company/0001002
2017-01-11 16:52:45 INFO  Main:106 - Response Code : 999
2017-01-11 16:52:45 INFO  Main:113 - Count of request = 4
2017-01-11 16:52:45 INFO  Main:70 - URL -> https://www.linkedin.com/company/0001002
2017-01-11 16:52:45 INFO  Main:106 - Response Code : 999
2017-01-11 16:52:45 INFO  Main:113 - Count of request = 5
2017-01-11 16:52:45 INFO  Main:70 - URL -> https://www.linkedin.com/company/0001002
2017-01-11 16:52:46 INFO  Main:106 - Response Code : 999
2017-01-11 16:52:46 INFO  Main:113 - Count of request = 6
2017-01-11 16:52:46 INFO  Main:70 - URL -> https://www.linkedin.com/company/0001002
2017-01-11 16:52:46 INFO  Main:106 - Response Code : 999
2017-01-11 16:52:46 INFO  Main:113 - Count of request = 7
2017-01-11 16:52:46 INFO  Main:70 - URL -> https://www.linkedin.com/company/0001002
2017-01-11 16:52:47 INFO  Main:106 - Response Code : 999
2017-01-11 16:52:47 INFO  Main:113 - Count of request = 8
2017-01-11 16:52:47 INFO  Main:70 - URL -> https://www.linkedin.com/company/0001002
2017-01-11 16:52:48 INFO  Main:106 - Response Code : 999
2017-01-11 16:52:48 INFO  Main:113 - Count of request = 9
2017-01-11 16:52:48 INFO  Main:70 - URL -> https://www.linkedin.com/company/0001002
2017-01-11 16:52:48 INFO  Main:106 - Response Code : 999
2017-01-11 16:52:48 INFO  Main:70 - URL -> https://www.linkedin.com/company/0001003
2017-01-11 16:52:49 INFO  Main:106 - Response Code : 999
2017-01-11 16:52:49 INFO  Main:113 - Count of request = 0
2017-01-11 16:52:49 INFO  Main:70 - URL -> https://www.linkedin.com/company/0001003
2017-01-11 16:52:50 INFO  Main:106 - Response Code : 999
2017-01-11 16:52:50 INFO  Main:113 - Count of request = 1
2017-01-11 16:52:50 INFO  Main:70 - URL -> https://www.linkedin.com/company/0001003
2017-01-11 16:52:51 INFO  Main:106 - Response Code : 999
2017-01-11 16:52:51 INFO  Main:113 - Count of request = 2
2017-01-11 16:52:51 INFO  Main:70 - URL -> https://www.linkedin.com/company/0001003
2017-01-11 16:52:51 INFO  Main:106 - Response Code : 999
2017-01-11 16:52:51 INFO  Main:113 - Count of request = 3
2017-01-11 16:52:51 INFO  Main:70 - URL -> https://www.linkedin.com/company/0001003
2017-01-11 16:52:52 INFO  Main:106 - Response Code : 200
2017-01-11 16:52:53 INFO  Main:70 - URL -> https://www.linkedin.com/company/0001004
2017-01-11 16:52:54 INFO  Main:106 - Response Code : 200
2017-01-11 16:52:54 INFO  Main:70 - URL -> https://www.linkedin.com/company/0001005
2017-01-11 16:52:55 INFO  Main:106 - Response Code : 999
2017-01-11 16:52:55 INFO  Main:113 - Count of request = 0
2017-01-11 16:52:55 INFO  Main:70 - URL -> https://www.linkedin.com/company/0001005
2017-01-11 16:52:56 INFO  Main:106 - Response Code : 999
2017-01-11 16:52:56 INFO  Main:113 - Count of request = 1
2017-01-11 16:52:56 INFO  Main:70 - URL -> https://www.linkedin.com/company/0001005
2017-01-11 16:52:56 INFO  Main:106 - Response Code : 999
2017-01-11 16:52:56 INFO  Main:113 - Count of request = 2
2017-01-11 16:52:56 INFO  Main:70 - URL -> https://www.linkedin.com/company/0001005
2017-01-11 16:52:57 INFO  Main:106 - Response Code : 200
2017-01-11 16:52:58 INFO  Main:70 - URL -> https://www.linkedin.com/company/0001006
2017-01-11 16:52:58 INFO  Main:106 - Response Code : 999
2017-01-11 16:52:58 INFO  Main:113 - Count of request = 0
2017-01-11 16:52:58 INFO  Main:70 - URL -> https://www.linkedin.com/company/0001006
2017-01-11 16:52:59 INFO  Main:106 - Response Code : 999
2017-01-11 16:52:59 INFO  Main:113 - Count of request = 1
2017-01-11 16:52:59 INFO  Main:70 - URL -> https://www.linkedin.com/company/0001006
2017-01-11 16:53:00 INFO  Main:106 - Response Code : 999
2017-01-11 16:53:00 INFO  Main:113 - Count of request = 2
2017-01-11 16:53:00 INFO  Main:70 - URL -> https://www.linkedin.com/company/0001006
2017-01-11 16:53:00 INFO  Main:106 - Response Code : 999
2017-01-11 16:53:00 INFO  Main:113 - Count of request = 3
2017-01-11 16:53:00 INFO  Main:70 - URL -> https://www.linkedin.com/company/0001006
2017-01-11 16:53:01 INFO  Main:106 - Response Code : 999
2017-01-11 16:53:01 INFO  Main:113 - Count of request = 4
2017-01-11 16:53:01 INFO  Main:70 - URL -> https://www.linkedin.com/company/0001006
2017-01-11 16:53:02 INFO  Main:106 - Response Code : 999
2017-01-11 16:53:02 INFO  Main:113 - Count of request = 5
2017-01-11 16:53:02 INFO  Main:70 - URL -> https://www.linkedin.com/company/0001006
2017-01-11 16:53:02 INFO  Main:106 - Response Code : 999
2017-01-11 16:53:02 INFO  Main:113 - Count of request = 6
2017-01-11 16:53:02 INFO  Main:70 - URL -> https://www.linkedin.com/company/0001006
2017-01-11 16:53:03 INFO  Main:106 - Response Code : 999
2017-01-11 16:53:03 INFO  Main:113 - Count of request = 7
2017-01-11 16:53:03 INFO  Main:70 - URL -> https://www.linkedin.com/company/0001006
2017-01-11 16:53:04 INFO  Main:106 - Response Code : 999
2017-01-11 16:53:04 INFO  Main:113 - Count of request = 8
2017-01-11 16:53:04 INFO  Main:70 - URL -> https://www.linkedin.com/company/0001006
2017-01-11 16:53:04 INFO  Main:106 - Response Code : 999
2017-01-11 16:53:04 INFO  Main:113 - Count of request = 9
2017-01-11 16:53:04 INFO  Main:70 - URL -> https://www.linkedin.com/company/0001006
2017-01-11 16:53:05 INFO  Main:106 - Response Code : 999
2017-01-11 16:53:05 INFO  Main:70 - URL -> https://www.linkedin.com/company/0001007
2017-01-11 16:53:06 INFO  Main:106 - Response Code : 999
2017-01-11 16:53:06 INFO  Main:113 - Count of request = 0
2017-01-11 16:53:06 INFO  Main:70 - URL -> https://www.linkedin.com/company/0001007
2017-01-11 16:53:06 INFO  Main:106 - Response Code : 999
2017-01-11 16:53:06 INFO  Main:113 - Count of request = 1
2017-01-11 16:53:06 INFO  Main:70 - URL -> https://www.linkedin.com/company/0001007
2017-01-11 16:53:07 INFO  Main:106 - Response Code : 200
2017-01-11 16:53:08 INFO  Main:70 - URL -> https://www.linkedin.com/company/0001008
2017-01-11 16:53:09 INFO  Main:106 - Response Code : 200
2017-01-11 16:53:10 INFO  Main:70 - URL -> https://www.linkedin.com/company/0001009
2017-01-11 16:53:11 INFO  Main:106 - Response Code : 999
2017-01-11 16:53:11 INFO  Main:113 - Count of request = 0
2017-01-11 16:53:11 INFO  Main:70 - URL -> https://www.linkedin.com/company/0001009
2017-01-11 16:53:12 INFO  Main:106 - Response Code : 999
2017-01-11 16:53:12 INFO  Main:113 - Count of request = 1
2017-01-11 16:53:12 INFO  Main:70 - URL -> https://www.linkedin.com/company/0001009
2017-01-11 16:53:12 INFO  Main:106 - Response Code : 999
2017-01-11 16:53:12 INFO  Main:113 - Count of request = 2
2017-01-11 16:53:12 INFO  Main:70 - URL -> https://www.linkedin.com/company/0001009
2017-01-11 16:53:13 INFO  Main:106 - Response Code : 999
2017-01-11 16:53:13 INFO  Main:113 - Count of request = 3
2017-01-11 16:53:13 INFO  Main:70 - URL -> https://www.linkedin.com/company/0001009
2017-01-11 16:53:14 INFO  Main:106 - Response Code : 999
2017-01-11 16:53:14 INFO  Main:113 - Count of request = 4
2017-01-11 16:53:14 INFO  Main:70 - URL -> https://www.linkedin.com/company/0001009
2017-01-11 16:53:15 INFO  Main:106 - Response Code : 999
2017-01-11 16:53:15 INFO  Main:113 - Count of request = 5
2017-01-11 16:53:15 INFO  Main:70 - URL -> https://www.linkedin.com/company/0001009
2017-01-11 16:53:16 INFO  Main:106 - Response Code : 999
2017-01-11 16:53:16 INFO  Main:113 - Count of request = 6
2017-01-11 16:53:16 INFO  Main:70 - URL -> https://www.linkedin.com/company/0001009
2017-01-11 16:53:16 INFO  Main:106 - Response Code : 999
2017-01-11 16:53:16 INFO  Main:113 - Count of request = 7
2017-01-11 16:53:16 INFO  Main:70 - URL -> https://www.linkedin.com/company/0001009
2017-01-11 16:53:17 INFO  Main:106 - Response Code : 999
2017-01-11 16:53:17 INFO  Main:113 - Count of request = 8
2017-01-11 16:53:17 INFO  Main:70 - URL -> https://www.linkedin.com/company/0001009
2017-01-11 16:53:18 INFO  Main:106 - Response Code : 999
2017-01-11 16:53:18 INFO  Main:113 - Count of request = 9
2017-01-11 16:53:18 INFO  Main:70 - URL -> https://www.linkedin.com/company/0001009
2017-01-11 16:53:19 INFO  Main:106 - Response Code : 999
2017-01-11 16:53:19 INFO  Main:70 - URL -> https://www.linkedin.com/company/0001010
2017-01-11 16:53:19 INFO  Main:106 - Response Code : 999
2017-01-11 16:53:19 INFO  Main:113 - Count of request = 0
2017-01-11 16:53:19 INFO  Main:70 - URL -> https://www.linkedin.com/company/0001010
2017-01-11 16:53:20 INFO  Main:106 - Response Code : 999
2017-01-11 16:53:20 INFO  Main:113 - Count of request = 1
2017-01-11 16:53:20 INFO  Main:70 - URL -> https://www.linkedin.com/company/0001010
2017-01-11 16:53:21 INFO  Main:106 - Response Code : 999
2017-01-11 16:53:21 INFO  Main:113 - Count of request = 2
2017-01-11 16:53:21 INFO  Main:70 - URL -> https://www.linkedin.com/company/0001010
2017-01-11 16:53:22 INFO  Main:106 - Response Code : 200
2017-01-11 16:53:23 INFO  Main:53 - end
2017-01-11 16:53:41 INFO  EmailSender:65 - mail successfully sent
